INFO  [Thread number: 0] - start time: 1482763648540, login: login91fb6d55-0b8f-477a-9e6c-8040d6ea835e
INFO  [Thread number: 2] - start time: 1482763648544, login: login4984700e-052d-411b-8138-6f85a3077880
INFO  [Thread number: 1] - start time: 1482763648544, login: login96c24e3b-f1bd-414f-a8d2-a25d430ae1be
INFO  [Thread number: 3] - start time: 1482763648544, login: loginc5594c3e-d88b-4e9a-a95e-c253d247814e
INFO  [Thread number: 4] - start time: 1482763648544, login: loginba16f050-5421-4f5c-afc9-321ec3b1bf12
INFO  [Thread number: 5] - start time: 1482763648576, login: login6b5c5b00-f06e-4756-b4e9-8e6c8d349100
INFO  [Thread number: 6] - start time: 1482763648590, login: loginf0885ff2-f202-403c-bbb8-cdb0596e5b54
INFO  [Thread number: 7] - start time: 1482763648595, login: logineb4da5ee-bc4b-40a4-ad96-65b7233fc204
INFO  [Thread number: 9] - start time: 1482763648616, login: login008d9979-88be-4b17-af44-d83c09fe3774
INFO  [Thread number: 8] - start time: 1482763648616, login: login50a292f6-346e-464f-82f0-73e644509981
INFO  [Thread number: 10] - start time: 1482763648617, login: login3cf5036e-197b-47a7-86f4-d9489141380e
INFO  [Thread number: 11] - start time: 1482763648631, login: logine8678f19-3562-4a52-a639-a06d0047c69d
INFO  [Thread number: 12] - start time: 1482763648636, login: login141bb675-1704-4a0b-a51a-7d65cca838a8
INFO  [Thread number: 13] - start time: 1482763648653, login: login2f1d0a7b-ed14-4974-a3b5-55c2521ddc3e
INFO  [Thread number: 14] - start time: 1482763648668, login: logind52fc4ba-d494-4479-bcb6-8a6f8bb13d77
INFO  [Thread number: 15] - start time: 1482763648668, login: logind1241ede-29b9-4ae6-a3ca-e3ff38b5b977
INFO  [Thread number: 16] - start time: 1482763648669, login: login364bec91-8fea-4492-b7e0-bd9f1eaf201b
INFO  [Thread number: 17] - start time: 1482763648670, login: login085c4004-7eb3-47e8-94ce-82836ed1979a
INFO  [Thread number: 18] - start time: 1482763648687, login: logina9446d73-6f57-4086-86d8-d8f9715eb914
INFO  [Thread number: 19] - start time: 1482763648694, login: loginc834dd1f-2d15-4eda-9d01-0ebcfd752b98
INFO  [Thread number: 21] - start time: 1482763648704, login: loginb0c7ce7d-2ac9-434b-b4f2-2264863cb34b
INFO  [Thread number: 20] - start time: 1482763648706, login: login00d6380c-4fb9-47bf-81bf-aebdd718191e
INFO  [Thread number: 22] - start time: 1482763648722, login: logine2cb7fb5-2c1a-49f0-bd2e-6c2108252110
INFO  [Thread number: 24] - start time: 1482763648734, login: loginfd4933c1-3a13-454c-8d1e-d0796df1bbb4
INFO  [Thread number: 23] - start time: 1482763648735, login: login590fd3e2-eb8f-4ec9-8c82-482aa8040e7b
INFO  [Thread number: 25] - start time: 1482763648740, login: login56cf03e7-1906-44e4-9b04-73c96589388d
INFO  [Thread number: 26] - start time: 1482763648742, login: loginab8743be-fc74-4f27-91b1-e880f05015cd
INFO  [Thread number: 27] - start time: 1482763648748, login: logincdd311ea-b681-4807-bd8b-2256218e7060
INFO  [Thread number: 28] - start time: 1482763648764, login: login1d0bb3c2-ac3f-4c0b-ab17-a57e7cf3b12b
INFO  [Thread number: 29] - start time: 1482763648766, login: login67fedfc5-7f7c-43e3-91ac-95aa8be9fe46
INFO  [Thread number: 30] - start time: 1482763648805, login: loginfaa1059c-30b9-4449-b452-3ff9b1bcfa82
INFO  [Thread number: 31] - start time: 1482763648807, login: login962231a9-957c-4cf5-842e-b64e0246fed1
INFO  [Thread number: 32] - start time: 1482763648814, login: login42ee60ae-4c45-4b31-af71-7cce52a41c10
INFO  [Thread number: 33] - start time: 1482763648819, login: login909bb29e-6d83-43ea-9643-d3e5b02fd8a8
INFO  [Thread number: 34] - start time: 1482763648844, login: login560a482f-1db6-4055-9279-cc82467cba17
INFO  [Thread number: 35] - start time: 1482763648845, login: login636657c3-fd93-48a4-808c-ae4cf394c239
INFO  [Thread number: 36] - start time: 1482763648851, login: login3fc14c18-54b4-4f5f-8e71-edec3dbdc339
INFO  [Thread number: 37] - start time: 1482763648853, login: login3039ebc0-0c82-4f38-ae78-8500af7ff4db
INFO  [Thread number: 38] - start time: 1482763648860, login: login5fec6e1d-42e4-4910-b2e1-89cc6a27332a
INFO  [Thread number: 39] - start time: 1482763648865, login: login96f81135-d928-40ab-be7e-1919d06cb442
INFO  [Thread number: 40] - start time: 1482763648867, login: login5d90df77-b3fd-4d00-93cd-c13faa5ead2c
INFO  [Thread number: 41] - start time: 1482763648941, login: login59468e82-dbca-4b06-8c21-221efb37d1a8
INFO  [Thread number: 44] - start time: 1482763648941, login: logincc346632-9fa0-427b-9f8f-0129759630b0
INFO  [Thread number: 43] - start time: 1482763648942, login: login81b2fd7d-9b87-4375-a6fd-c26dd49a8290
INFO  [Thread number: 42] - start time: 1482763648942, login: login50497dbf-8b99-4c95-be17-d5ec96ae2b5d
INFO  [Thread number: 45] - start time: 1482763648942, login: login66eb0cd7-571f-4224-9e77-64aef66c9b92
INFO  [Thread number: 47] - start time: 1482763648957, login: login4424ce06-9447-4054-acbc-fd9b618fe1f1
INFO  [Thread number: 46] - start time: 1482763648958, login: loginc92fcd0d-2b90-4c60-8336-bd1c3fc39bc1
INFO  [Thread number: 48] - start time: 1482763648971, login: logina1f8a896-3a94-4cbb-997c-b78038c79b45
INFO  [Thread number: 49] - start time: 1482763648971, login: login1376e70a-ab23-494a-a636-caf54eac3d99
INFO  [Thread number: 50] - start time: 1482763648972, login: login5804c61d-af28-4d51-8a2d-f761422eb230
INFO  [Thread number: 51] - start time: 1482763648973, login: login008617da-00d6-423c-8e83-2f950dbf9c29
INFO  [Thread number: 52] - start time: 1482763648973, login: login559e4919-5588-4ed1-868a-5bbc479f1c04
INFO  [Thread number: 53] - start time: 1482763648974, login: logine36e97f4-9db3-4b6a-9ed4-dc72407df8f6
INFO  [Thread number: 54] - start time: 1482763648974, login: logina83bde77-17af-40c2-bf9f-f38a88c9b890
INFO  [Thread number: 55] - start time: 1482763648974, login: loginaadc8bec-6019-451b-b916-79d18ef4880f
INFO  [Thread number: 56] - start time: 1482763648975, login: logine49c9895-3b93-46ca-be38-aeb74dd9d03f
INFO  [Thread number: 57] - start time: 1482763648975, login: login6d994218-88b9-4011-9ba4-a14b610394aa
INFO  [Thread number: 58] - start time: 1482763648985, login: logind52607e8-5b16-4095-8d55-15ee065a2ac5
INFO  [Thread number: 59] - start time: 1482763648986, login: logina245312a-a191-44f4-8c37-c3e9df214b31
INFO  [Thread number: 61] - start time: 1482763649028, login: login546342d5-96e1-404a-84ae-304e79c263c8
INFO  [Thread number: 62] - start time: 1482763649030, login: login23c71482-461b-4da9-b2c1-94b526704a1f
INFO  [Thread number: 63] - start time: 1482763649031, login: loginc29c9d97-6aa1-4b92-a9d4-333632e9aa9b
INFO  [Thread number: 64] - start time: 1482763649032, login: login59aff661-8f47-463f-a87b-5b68670c18f7
INFO  [Thread number: 65] - start time: 1482763649032, login: login2cb0394e-5775-4d5f-ae21-fa904d765d1f
INFO  [Thread number: 66] - start time: 1482763649035, login: login81af711d-b40c-4a66-8b0b-dc4a91a34cbe
INFO  [Thread number: 67] - start time: 1482763649043, login: logina89bcb7f-9b4a-4f32-84f3-1914d87085d8
INFO  [Thread number: 68] - start time: 1482763649049, login: login94a11082-7366-4b2e-8412-0625637e08b2
INFO  [Thread number: 69] - start time: 1482763649050, login: loginb34a1ac2-2717-4398-a00b-33723dd673c4
INFO  [Thread number: 70] - start time: 1482763649065, login: login52965cd5-f561-45be-abf3-7367a1e0da5d
INFO  [Thread number: 60] - start time: 1482763649066, login: login6dd80618-2f4f-4907-b91f-3f4508c5def7
INFO  [Thread number: 71] - start time: 1482763649067, login: login91c5c100-c281-4d24-9372-0df1a57b90bb
INFO  [Thread number: 72] - start time: 1482763649068, login: login6c93eac7-6be0-4656-b32e-fcd3c1c4b874
INFO  [Thread number: 73] - start time: 1482763649069, login: login10ce936c-6d61-4563-b556-37eeb2f0814b
INFO  [Thread number: 74] - start time: 1482763649070, login: login1d8f9157-59e0-4dc1-aff5-57035e534726
INFO  [Thread number: 75] - start time: 1482763649071, login: login9ac2013e-324d-449d-8045-201a8cbab903
INFO  [Thread number: 76] - start time: 1482763649072, login: login089644b7-214e-4999-9c0a-65e941704065
INFO  [Thread number: 77] - start time: 1482763649075, login: loginb2a7bfa3-244d-4086-b898-05183653ff47
INFO  [Thread number: 78] - start time: 1482763649079, login: logine62bb64d-c8a7-4946-b34f-6bb6acdd4cdc
INFO  [Thread number: 79] - start time: 1482763649098, login: login38c25936-dde3-4477-b1e7-5de40f081ab5
INFO  [Thread number: 81] - start time: 1482763649115, login: login9c565f5a-0b84-4270-8321-85b6557fec09
INFO  [Thread number: 80] - start time: 1482763649115, login: loginb8ab66fa-71df-48bb-8d80-cb78170d779e
INFO  [Thread number: 82] - start time: 1482763649120, login: login40dad76b-2115-45c9-bdf7-cb374d8a76a0
INFO  [Thread number: 83] - start time: 1482763649121, login: login03a41bd2-b2b6-4208-b1f3-8ccce118d641
INFO  [Thread number: 84] - start time: 1482763649121, login: login15ca32c9-ecbd-498e-8311-9026c80c85be
INFO  [Thread number: 85] - start time: 1482763649126, login: login4a8f79ec-068e-42ec-aab4-d475183f95c4
INFO  [Thread number: 86] - start time: 1482763649127, login: login54269ed0-70a1-419e-86cf-aefea75d40dc
INFO  [Thread number: 87] - start time: 1482763649132, login: login0f8a5f77-7b65-4bc7-a511-608d7f0bacd2
INFO  [Thread number: 88] - start time: 1482763649132, login: loginff874014-9d4e-4480-8b59-de6c64d5059d
INFO  [Thread number: 89] - start time: 1482763649133, login: loginc08b7ab0-f825-4795-b322-4339d1259326
INFO  [Thread number: 90] - start time: 1482763649142, login: login9a404483-a141-4a1d-9fef-3bb2826e59a1
INFO  [Thread number: 91] - start time: 1482763649144, login: login935ff39d-3136-4a9d-b93b-3ec5740e87a4
INFO  [Thread number: 92] - start time: 1482763649144, login: logindb7fe74a-e0b5-4cda-9298-a7a11fd77a49
INFO  [Thread number: 93] - start time: 1482763649183, login: logince76753e-2ed9-470b-a8d5-58b84e284106
INFO  [Thread number: 94] - start time: 1482763649203, login: login91ade27d-a9f8-4e75-aa82-3e5f7c695990
INFO  [Thread number: 95] - start time: 1482763649204, login: login96461e1a-94b0-42d5-ba6f-e1f66272da71
INFO  [Thread number: 96] - start time: 1482763649205, login: loginded48f03-bc81-4f76-a4b7-b7bd2d3794ad
INFO  [Thread number: 97] - start time: 1482763649220, login: loginfee72d38-201b-4670-a392-14c119874dac
INFO  [Thread number: 98] - start time: 1482763649245, login: login5888690a-67af-4d22-8c50-16bd8b043d43
INFO  [Thread number: 99] - start time: 1482763649257, login: loginf483673f-cee0-45e8-a9e1-150c11f8e2ce
INFO  [Thread number: 0] - start time: 1482763814648, login: logineb3b2399-7c43-4a6c-9202-dee79fcff70c
INFO  [Thread number: 2] - start time: 1482763814648, login: login7a81ff06-9d70-47a8-963c-e1082b4a6125
INFO  [Thread number: 3] - start time: 1482763814664, login: login2e2c1956-15ff-46ed-b77f-7e4c94af1906
INFO  [Thread number: 4] - start time: 1482763814687, login: loginb339288c-972a-458b-ac30-433e75889b33
INFO  [Thread number: 5] - start time: 1482763814740, login: login88d6dd74-561a-483e-b559-384015d24005
INFO  [Thread number: 6] - start time: 1482763814768, login: logina647f94c-d0bf-4a49-bb1d-0735904a0bcb
INFO  [Thread number: 7] - start time: 1482763814778, login: login3c2774cf-4418-49f8-9192-ad2a0a0864fc
INFO  [Thread number: 8] - start time: 1482763814804, login: login4586d617-2b37-4af1-8c98-0092e233a78b
INFO  [Thread number: 9] - start time: 1482763814836, login: login31885854-559f-425d-abac-f62baf182d3e
INFO  [Thread number: 10] - start time: 1482763814837, login: login7be527b5-51ae-43e8-a2fd-698fb980900c
INFO  [Thread number: 1] - start time: 1482763814851, login: login01f85555-d101-42c5-9d75-59abd77939d2
INFO  [Thread number: 11] - start time: 1482763814851, login: login193abd9b-4c69-41c4-aaf0-15665730259e
INFO  [Thread number: 12] - start time: 1482763814853, login: logincab37462-573a-4234-b365-5cbbf1414772
INFO  [Thread number: 13] - start time: 1482763814855, login: login43f0274a-04d6-4b9c-9234-7adc3062a4cc
INFO  [Thread number: 15] - start time: 1482763814898, login: loginec519b53-327e-4694-a0c2-1aac8bb2b1bf
INFO  [Thread number: 14] - start time: 1482763814913, login: loginbb04dc77-634b-42fb-9240-e45ae8ad1d76
INFO  [Thread number: 16] - start time: 1482763814916, login: login0b95c6d9-fc7b-4cd4-8744-491e75e80b62
INFO  [Thread number: 17] - start time: 1482763814944, login: loginecf00a28-27bf-4427-8fc3-7c4cd418de4c
INFO  [Thread number: 18] - start time: 1482763814952, login: login94680191-0ba7-4a73-8658-eb61bbcf7117
INFO  [Thread number: 19] - start time: 1482763814972, login: login5cf6193d-48a5-4e16-9f57-89c35c0c69b1
INFO  [Thread number: 20] - start time: 1482763814996, login: login303dcb06-ef29-44ce-9836-01e8597acafc
INFO  [Thread number: 21] - start time: 1482763815005, login: login376ae414-01ac-4c57-a577-a86a69bee749
INFO  [Thread number: 22] - start time: 1482763815015, login: login9e4631e7-d780-41a3-a26c-6c1d014ac58f
INFO  [Thread number: 23] - start time: 1482763815029, login: loginf19f5d5c-d3d6-45a5-b9b8-91761a057c6d
INFO  [Thread number: 24] - start time: 1482763815058, login: loginaf759063-16d9-4ae4-a1d4-b66e63b190e3
INFO  [Thread number: 25] - start time: 1482763815066, login: login5e32ee4e-5ae6-43e1-b004-3514b58e8bb0
INFO  [Thread number: 26] - start time: 1482763815073, login: login5162e3a2-5746-4abf-ae7c-f992ba0a232e
INFO  [Thread number: 27] - start time: 1482763815095, login: loginbdb63ecd-c441-401c-bce1-64dcc9a5c439
INFO  [Thread number: 28] - start time: 1482763815144, login: loginbf738956-d59b-42f4-b7ec-86a698aa1e1b
INFO  [Thread number: 29] - start time: 1482763815156, login: login41b6d22a-264f-44ea-a75d-3fc75b0fadb6
INFO  [Thread number: 30] - start time: 1482763815166, login: loginf8fbe89c-449c-4307-a620-5c5f05d97d7c
INFO  [Thread number: 31] - start time: 1482763815180, login: loginae15d669-5cdb-4325-b10e-da88f99d1432
INFO  [Thread number: 32] - start time: 1482763815184, login: login88aa7c14-77a3-4832-9332-3c952038f0b4
INFO  [Thread number: 33] - start time: 1482763815192, login: login36202df0-66f1-4f03-96fd-b07f24046a2a
INFO  [Thread number: 34] - start time: 1482763815204, login: loginda4ea92b-b1d8-4a2f-abd2-e1810317ca8e
INFO  [Thread number: 35] - start time: 1482763815210, login: login5bcaeba4-3fbf-4b07-84a4-0736bbe2bea3
INFO  [Thread number: 36] - start time: 1482763815216, login: login9b70741f-a0c6-458b-848c-66402ea88045
INFO  [Thread number: 37] - start time: 1482763815236, login: login7442f61c-d147-499f-8534-ade3b863bfb2
INFO  [Thread number: 38] - start time: 1482763815247, login: login0b012c31-27c7-4376-b205-e6b2a9d43adf
INFO  [Thread number: 39] - start time: 1482763815328, login: login4f26be65-ca82-45df-aecf-614286397aea
INFO  [Thread number: 40] - start time: 1482763815340, login: login1c4467c5-3b03-4675-b19f-f18f51dfffc4
INFO  [Thread number: 41] - start time: 1482763815449, login: login5cbb8ce7-e3e2-4276-95ce-184e22199a48
INFO  [Thread number: 43] - start time: 1482763815449, login: login38cc2e2d-da0a-4da6-a132-945d315c5bc8
INFO  [Thread number: 42] - start time: 1482763815450, login: logine7cb38a7-a3d8-4939-85cd-fbe17aa90919
INFO  [Thread number: 45] - start time: 1482763815482, login: login40b53f8d-582a-44a2-9fdc-7e80a873dd36
INFO  [Thread number: 46] - start time: 1482763815500, login: login2329ed3a-1c5d-45ce-8953-2a38ef2fdb22
INFO  [Thread number: 47] - start time: 1482763815524, login: login86c6df21-c815-471d-8a5a-392f5626920d
INFO  [Thread number: 48] - start time: 1482763815528, login: login62ded9c1-d09f-4be1-98c2-bf24cff3e5a4
INFO  [Thread number: 49] - start time: 1482763815535, login: loginbe5d4f76-601a-4f07-9f7e-bdff5af58a3b
INFO  [Thread number: 50] - start time: 1482763815554, login: loginbc2ddc7b-eed0-4000-93df-b37845997a8f
INFO  [Thread number: 51] - start time: 1482763815557, login: login7dcb0609-9e2f-4f6a-8fbe-2394415c04ac
INFO  [Thread number: 44] - start time: 1482763815561, login: login21aa7348-e5c0-4811-b40b-07434f260cbc
INFO  [Thread number: 52] - start time: 1482763815562, login: loginea0b7233-6157-45c6-9211-36ce5718f591
INFO  [Thread number: 53] - start time: 1482763815609, login: loginfcf23c63-115d-4fb5-acf1-1a6295f2a541
INFO  [Thread number: 55] - start time: 1482763815680, login: loginad067a74-8cf3-41f5-8f44-c2ea70e9101e
INFO  [Thread number: 56] - start time: 1482763815691, login: login08a3ed2d-8e6d-4c26-aa64-7c267a952b30
INFO  [Thread number: 57] - start time: 1482763815722, login: loginbce296e1-7f90-4c1d-a09d-602879c85c63
INFO  [Thread number: 58] - start time: 1482763815738, login: login57eaca18-908e-4017-999b-76d9cc1d0914
INFO  [Thread number: 59] - start time: 1482763815772, login: login42c76e4a-3142-40f4-bf98-3fc29f4b164c
INFO  [Thread number: 60] - start time: 1482763815788, login: logine2b16205-8cb7-4afe-91d2-435363ce291b
INFO  [Thread number: 61] - start time: 1482763815793, login: logine3acc5e0-c7f4-48f3-8b98-12e3fc26b822
INFO  [Thread number: 54] - start time: 1482763815806, login: login1657de45-5498-412c-9ce8-7599aa2bf662
INFO  [Thread number: 62] - start time: 1482763815806, login: login7fd38e51-368f-4247-aafb-0c1b70918400
INFO  [Thread number: 63] - start time: 1482763815821, login: loginc244c74b-ce4f-45a7-a048-e3c04fd46920
INFO  [Thread number: 64] - start time: 1482763815840, login: loginacb0c8f8-7d38-49cf-b26b-d208b4999276
INFO  [Thread number: 65] - start time: 1482763815850, login: login767ead84-a78f-469c-9834-15ece1f3098e
INFO  [Thread number: 66] - start time: 1482763815853, login: login765836e3-6578-41c4-aa70-4d43d6f9bbcf
INFO  [Thread number: 67] - start time: 1482763815864, login: login1eb3d8e7-c182-4303-b673-c5ab1df8dc18
INFO  [Thread number: 69] - start time: 1482763815933, login: login5d08e6a4-874a-49b4-a010-22a771486116
INFO  [Thread number: 68] - start time: 1482763815933, login: loginc782e6c1-cfd3-4d7b-bd03-51f0c6a500ee
INFO  [Thread number: 70] - start time: 1482763815934, login: login2f5deaf0-ae6b-42fd-ac42-60c45766bfd5
INFO  [Thread number: 71] - start time: 1482763815935, login: login0dbf8c1e-b482-4779-be44-43e0d478823b
INFO  [Thread number: 72] - start time: 1482763815941, login: loginc2b036af-7e26-42eb-9480-999f2cd929fa
INFO  [Thread number: 74] - start time: 1482763815953, login: login369a8a1c-b002-43e4-a8dd-e32e62f6aecd
INFO  [Thread number: 73] - start time: 1482763815956, login: loginf6d37045-5521-43eb-900f-e105e2ac939b
INFO  [Thread number: 75] - start time: 1482763815972, login: login2b354f03-30bf-4765-8ced-7545ebcc5aec
INFO  [Thread number: 76] - start time: 1482763815974, login: login0e5b86f6-48e9-4759-98a9-dc5ccf2e6aa6
INFO  [Thread number: 77] - start time: 1482763815976, login: login57bc9170-2f5b-41d9-9f53-ed15b44dea89
INFO  [Thread number: 78] - start time: 1482763816016, login: login6cd24e9e-8ff3-401e-91c9-58cc908837ff
INFO  [Thread number: 79] - start time: 1482763816041, login: login1b6509bf-c1b2-471c-ab05-012889334b15
INFO  [Thread number: 80] - start time: 1482763816088, login: login68c80e39-9c63-47b6-b425-4ca710a3c110
INFO  [Thread number: 81] - start time: 1482763816088, login: login3592899d-9e31-46e9-871f-ec343b0805d2
INFO  [Thread number: 82] - start time: 1482763816100, login: login4fae7d85-b482-43ab-a697-1ebeee17befd
INFO  [Thread number: 83] - start time: 1482763816116, login: loginb3c8eab0-7b33-4fd6-a884-3f03de21e220
INFO  [Thread number: 84] - start time: 1482763816116, login: login982c3b20-7b10-4746-b768-02646cbd3502
INFO  [Thread number: 85] - start time: 1482763816117, login: loginaea1cee2-2a68-4da3-a472-61ce10ef623c
INFO  [Thread number: 86] - start time: 1482763816117, login: login66a72bf9-9e4a-4df3-993e-2998fc9f6155
INFO  [Thread number: 87] - start time: 1482763816119, login: loginb5f93cf0-1ce2-49f4-9d39-c5ad579fe155
INFO  [Thread number: 88] - start time: 1482763816119, login: login7012e815-5b00-4e29-8ab3-f176c5de53eb
INFO  [Thread number: 89] - start time: 1482763816120, login: login568c03ed-d318-471b-9f00-8c2c5f044a51
INFO  [Thread number: 90] - start time: 1482763816161, login: loginefc293c1-19b5-4006-ac4a-f892a69bbd05
INFO  [Thread number: 91] - start time: 1482763816177, login: login85da2aee-304d-4810-9824-2c0798785f8a
INFO  [Thread number: 92] - start time: 1482763816188, login: logincc180e7c-3830-4c4b-b470-2862d22a0fc1
INFO  [Thread number: 93] - start time: 1482763816198, login: login7736d7ed-888b-44e3-ab24-7c69aefcf8d7
INFO  [Thread number: 94] - start time: 1482763816220, login: login9296bdff-acc5-4a1e-957e-75362a483e4b
INFO  [Thread number: 95] - start time: 1482763816249, login: login797e534b-e615-4f70-9e88-8d588b72cd14
INFO  [Thread number: 96] - start time: 1482763816272, login: loginc798caed-26d6-4b59-8489-86f3930f902c
INFO  [Thread number: 97] - start time: 1482763816276, login: logina35cfa1c-9d3d-4087-aa56-2f3a09774878
INFO  [Thread number: 98] - start time: 1482763816291, login: login04703fb6-ae99-4569-8998-ec1bdaa69090
INFO  [Thread number: 99] - start time: 1482763816294, login: login1d588a66-1255-4c4f-afb7-2c2c0c93f22e
